#
# A fatal error has been detected by the Java Runtime Environment:
#
#  EXCEPTION_ACCESS_VIOLATION (0xc0000005) at pc=0x0000000059063989, pid=1228380, tid=1225464
#
# JRE version: Java(TM) SE Runtime Environment (8.0_31-b13) (build 1.8.0_31-b13)
# Java VM: Java HotSpot(TM) 64-Bit Server VM (25.31-b07 mixed mode windows-amd64 compressed oops)
# Problematic frame:
# C  [nvoglv64.DLL+0x15c3989]
#
# Failed to write core dump. Minidumps are not enabled by default on client versions of Windows
#
# If you would like to submit a bug report, please visit:
#   http://bugreport.java.com/bugreport/crash.jsp
# The crash happened outside the Java Virtual Machine in native code.
# See problematic frame for where to report the bug.
#

---------------  T H R E A D  ---------------

Current thread (0x00000000024c1000):  JavaThread "main" [_thread_in_native, id=1225464, stack(0x0000000002380000,0x0000000002480000)]

siginfo: ExceptionCode=0xc0000005, reading address 0x0000000000000000

Registers:
RAX=0x0000000000000030, RBX=0x000000001ff5baa8, RCX=0x0000000000000030, RDX=0xffffffffde0c73fc
RSP=0x000000000247f4d8, RBP=0x0000000000000001, RSI=0x0000000000000000, RDI=0x0000000021f38c04
R8 =0x0000000000000030, R9 =0x0000000000000003, R10=0x0000000000000000, R11=0x0000000021f38c04
R12=0x0000000000000000, R13=0x0000000057aa0000, R14=0x0000000000000001, R15=0x000000001ff5b828
RIP=0x0000000059063989, EFLAGS=0x0000000000010207

Top of Stack: (sp=0x000000000247f4d8)
0x000000000247f4d8:   0000000000000003 0000000021f38c04
0x000000000247f4e8:   000000005855671c 000000001baf4e78
0x000000000247f4f8:   000000000247f658 00000000024c0550
0x000000000247f508:   00000000583f8e9b 0000000000000000
0x000000000247f518:   0000000000000000 0000000000000000
0x000000000247f528:   000000000002010b 000000001ff5b828
0x000000000247f538:   00000000585574ce 000000001ff5b080
0x000000000247f548:   0000000000000003 0000000000000004
0x000000000247f558:   00000000025d5a06 00000000024c1000
0x000000000247f568:   000000000247f658 000000001baf4e78
0x000000000247f578:   0000000000000000 000000001bb3ea00
0x000000000247f588:   00000000025d5b74 000000001baf4e78
0x000000000247f598:   000000000247f618 000000001bb3ea00
0x000000000247f5a8:   00000000025d58eb 0000000000000000
0x000000000247f5b8:   0000000000000003 000000001bb3ea00
0x000000000247f5c8:   00000000024c1000 00000000025d58a2 

Instructions: (pc=0x0000000059063989)
0x0000000059063969:   03 c0 48 3b c8 0f 8c 96 03 00 00 0f ba 25 ec 0b
0x0000000059063979:   a4 00 01 73 13 57 56 48 8b f9 49 8b f2 49 8b c8
0x0000000059063989:   f3 a4 5e 5f 49 8b c3 c3 0f ba 25 cf 0b a4 00 02
0x0000000059063999:   0f 82 56 02 00 00 f6 c1 07 74 36 f6 c1 01 74 0b 


Register to memory mapping:

RAX=0x0000000000000030 is an unknown value
RBX=0x000000001ff5baa8 is an unknown value
RCX=0x0000000000000030 is an unknown value
RDX=0xffffffffde0c73fc is an unknown value
RSP=0x000000000247f4d8 is pointing into the stack for thread: 0x00000000024c1000
RBP=0x0000000000000001 is an unknown value
RSI=0x0000000000000000 is an unknown value
RDI=0x0000000021f38c04 is an unknown value
R8 =0x0000000000000030 is an unknown value
R9 =0x0000000000000003 is an unknown value
R10=0x0000000000000000 is an unknown value
R11=0x0000000021f38c04 is an unknown value
R12=0x0000000000000000 is an unknown value
R13=0x0000000057aa0000 is an unknown value
R14=0x0000000000000001 is an unknown value
R15=0x000000001ff5b828 is an unknown value


Stack: [0x0000000002380000,0x0000000002480000],  sp=0x000000000247f4d8,  free space=1021k
Native frames: (J=compiled Java code, j=interpreted, Vv=VM code, C=native code)
C  [nvoglv64.DLL+0x15c3989]
C  0x0000000000000003

Java frames: (J=compiled Java code, j=interpreted, Vv=VM code)
j  org.lwjgl.system.JNI.callV(JIII)V+0
j  org.lwjgl.opengl.GL11.glDrawArrays(III)V+11
j  Model.render()V+52
j  Main.renderAll()V+4
j  Main.<init>()V+133
j  Main.main([Ljava/lang/String;)V+3
v  ~StubRoutines::call_stub

---------------  P R O C E S S  ---------------

Java Threads: ( => current thread )
  0x000000001e125800 JavaThread "Service Thread" daemon [_thread_blocked, id=1227772, stack(0x000000001ea60000,0x000000001eb60000)]
  0x000000001e099000 JavaThread "C1 CompilerThread3" daemon [_thread_blocked, id=1228744, stack(0x000000001e960000,0x000000001ea60000)]
  0x000000001e097000 JavaThread "C2 CompilerThread2" daemon [_thread_blocked, id=1228376, stack(0x000000001e860000,0x000000001e960000)]
  0x000000001e08d000 JavaThread "C2 CompilerThread1" daemon [_thread_blocked, id=1227732, stack(0x000000001e760000,0x000000001e860000)]
  0x000000001e086800 JavaThread "C2 CompilerThread0" daemon [_thread_blocked, id=1228616, stack(0x000000001e660000,0x000000001e760000)]
  0x000000001e085800 JavaThread "Attach Listener" daemon [_thread_blocked, id=1227816, stack(0x000000001e560000,0x000000001e660000)]
  0x000000001e084800 JavaThread "Signal Dispatcher" daemon [_thread_blocked, id=1228712, stack(0x000000001e460000,0x000000001e560000)]
  0x00000000025b8800 JavaThread "Finalizer" daemon [_thread_blocked, id=1227484, stack(0x000000001df60000,0x000000001e060000)]
  0x000000001c07c800 JavaThread "Reference Handler" daemon [_thread_blocked, id=1227804, stack(0x000000001de60000,0x000000001df60000)]
=>0x00000000024c1000 JavaThread "main" [_thread_in_native, id=1225464, stack(0x0000000002380000,0x0000000002480000)]

Other Threads:
  0x000000001c078000 VMThread [stack: 0x000000001dd60000,0x000000001de60000] [id=1224604]
  0x000000001e126800 WatcherThread [stack: 0x000000001eb60000,0x000000001ec60000] [id=1228032]

VM state:not at safepoint (normal execution)

VM Mutex/Monitor currently owned by a thread: None

Heap:
 PSYoungGen      total 76288K, used 14449K [0x000000076b100000, 0x0000000770600000, 0x00000007c0000000)
  eden space 65536K, 22% used [0x000000076b100000,0x000000076bf1c530,0x000000076f100000)
  from space 10752K, 0% used [0x000000076fb80000,0x000000076fb80000,0x0000000770600000)
  to   space 10752K, 0% used [0x000000076f100000,0x000000076f100000,0x000000076fb80000)
 ParOldGen       total 175104K, used 0K [0x00000006c1200000, 0x00000006cbd00000, 0x000000076b100000)
  object space 175104K, 0% used [0x00000006c1200000,0x00000006c1200000,0x00000006cbd00000)
 Metaspace       used 7689K, capacity 8125K, committed 8448K, reserved 1056768K
  class space    used 623K, capacity 671K, committed 768K, reserved 1048576K

Card table byte_map: [0x0000000011980000,0x0000000012180000] byte_map_base: 0x000000000e377000

Marking Bits: (ParMarkBitMap*) 0x000000005a3ed4f0
 Begin Bits: [0x0000000012ed0000, 0x0000000016e88000)
 End Bits:   [0x0000000016e88000, 0x000000001ae40000)

Polling page: 0x0000000002320000

CodeCache: size=245760Kb used=2221Kb max_used=2221Kb free=243538Kb
 bounds [0x00000000025c0000, 0x0000000002830000, 0x00000000115c0000]
 total_blobs=1195 nmethods=423 adapters=686
 compilation: enabled

Compilation events (10 events):
Event: 0.680 Thread 0x000000001e099000  419       3       java.util.regex.Pattern$GroupHead::match (47 bytes)
Event: 0.680 Thread 0x000000001e099000 nmethod 419 0x00000000027e8e90 code [0x00000000027e9000, 0x00000000027e92a8]
Event: 0.680 Thread 0x000000001e099000  420       3       java.util.regex.Matcher::group (112 bytes)
Event: 0.680 Thread 0x000000001e099000 nmethod 420 0x00000000027e9490 code [0x00000000027e96c0, 0x00000000027ea428]
Event: 0.680 Thread 0x000000001e099000  421       3       java.io.File::<init> (113 bytes)
Event: 0.681 Thread 0x000000001e099000 nmethod 421 0x00000000027eac10 code [0x00000000027eae80, 0x00000000027ebbc8]
Event: 0.682 Thread 0x000000001e099000  422  s    1       java.util.Vector::size (5 bytes)
Event: 0.682 Thread 0x000000001e099000 nmethod 422 0x00000000027ec1d0 code [0x00000000027ec320, 0x00000000027ec590]
Event: 0.682 Thread 0x000000001e099000  423       3       org.lwjgl.system.MemoryUtil::memByteBuffer (19 bytes)
Event: 0.682 Thread 0x000000001e099000 nmethod 423 0x00000000027ec610 code [0x00000000027ec780, 0x00000000027ec968]

GC Heap History (0 events):
No events

Deoptimization events (0 events):
No events

Internal exceptions (10 events):
Event: 0.678 Thread 0x00000000024c1000 Exception <a 'java/security/PrivilegedActionException'> (0x000000076bdb0318) thrown at [C:\workspace\8-2-build-windows-amd64-cygwin\jdk8u31\2394\hotspot\src\share\vm\prims\jvm.cpp, line 1312]
Event: 0.678 Thread 0x00000000024c1000 Exception <a 'java/security/PrivilegedActionException'> (0x000000076bdb2bb8) thrown at [C:\workspace\8-2-build-windows-amd64-cygwin\jdk8u31\2394\hotspot\src\share\vm\prims\jvm.cpp, line 1312]
Event: 0.678 Thread 0x00000000024c1000 Exception <a 'java/security/PrivilegedActionException'> (0x000000076bdb6768) thrown at [C:\workspace\8-2-build-windows-amd64-cygwin\jdk8u31\2394\hotspot\src\share\vm\prims\jvm.cpp, line 1312]
Event: 0.680 Thread 0x00000000024c1000 Exception <a 'java/security/PrivilegedActionException'> (0x000000076bdc3a18) thrown at [C:\workspace\8-2-build-windows-amd64-cygwin\jdk8u31\2394\hotspot\src\share\vm\prims\jvm.cpp, line 1312]
Event: 0.680 Thread 0x00000000024c1000 Exception <a 'java/security/PrivilegedActionException'> (0x000000076bdc6890) thrown at [C:\workspace\8-2-build-windows-amd64-cygwin\jdk8u31\2394\hotspot\src\share\vm\prims\jvm.cpp, line 1312]
Event: 0.680 Thread 0x00000000024c1000 Exception <a 'java/security/PrivilegedActionException'> (0x000000076bdc8f68) thrown at [C:\workspace\8-2-build-windows-amd64-cygwin\jdk8u31\2394\hotspot\src\share\vm\prims\jvm.cpp, line 1312]
Event: 0.681 Thread 0x00000000024c1000 Exception <a 'java/security/PrivilegedActionException'> (0x000000076bdce4b0) thrown at [C:\workspace\8-2-build-windows-amd64-cygwin\jdk8u31\2394\hotspot\src\share\vm\prims\jvm.cpp, line 1312]
Event: 0.681 Thread 0x00000000024c1000 Exception <a 'java/security/PrivilegedActionException'> (0x000000076bdd2120) thrown at [C:\workspace\8-2-build-windows-amd64-cygwin\jdk8u31\2394\hotspot\src\share\vm\prims\jvm.cpp, line 1312]
Event: 0.681 Thread 0x00000000024c1000 Exception <a 'java/security/PrivilegedActionException'> (0x000000076bdd63d8) thrown at [C:\workspace\8-2-build-windows-amd64-cygwin\jdk8u31\2394\hotspot\src\share\vm\prims\jvm.cpp, line 1312]
Event: 0.683 Thread 0x00000000024c1000 Exception <a 'java/security/PrivilegedActionException'> (0x000000076bde0bf0) thrown at [C:\workspace\8-2-build-windows-amd64-cygwin\jdk8u31\2394\hotspot\src\share\vm\prims\jvm.cpp, line 1312]

Events (10 events):
Event: 0.680 loading class org/lwjgl/system/CallbackI
Event: 0.680 loading class org/lwjgl/system/CallbackI done
Event: 0.681 loading class org/lwjgl/system/MemoryManage$JEmallocAllocator
Event: 0.681 loading class org/lwjgl/system/MemoryManage$JEmallocAllocator done
Event: 0.681 loading class org/lwjgl/system/jemalloc/JEmalloc$Functions
Event: 0.681 loading class org/lwjgl/system/jemalloc/JEmalloc$Functions done
Event: 0.681 loading class org/lwjgl/system/MemoryManage$DebugAllocator
Event: 0.681 loading class org/lwjgl/system/MemoryManage$DebugAllocator done
Event: 0.683 loading class org/lwjgl/opengl/GLChecks
Event: 0.683 loading class org/lwjgl/opengl/GLChecks done


Dynamic libraries:
0x00007ff648250000 - 0x00007ff648284000 	C:\Program Files\Java\jre1.8.0_31\bin\javaw.exe
0x00007ff827680000 - 0x00007ff82782c000 	C:\Windows\SYSTEM32\ntdll.dll
0x00007ff825120000 - 0x00007ff82525e000 	C:\Windows\system32\KERNEL32.DLL
0x00007ff824950000 - 0x00007ff824a65000 	C:\Windows\system32\KERNELBASE.dll
0x00007ff823370000 - 0x00007ff8233fe000 	C:\Windows\system32\apphelp.dll
0x00007ff81ab20000 - 0x00007ff81ab73000 	C:\Windows\AppPatch\AppPatch64\AcGenral.DLL
0x00007ff8272f0000 - 0x00007ff82739a000 	C:\Windows\system32\msvcrt.dll
0x00007ff8245a0000 - 0x00007ff8245ce000 	C:\Windows\SYSTEM32\SspiCli.dll
0x00007ff827620000 - 0x00007ff827674000 	C:\Windows\system32\SHLWAPI.dll
0x00007ff826ed0000 - 0x00007ff827047000 	C:\Windows\system32\USER32.dll
0x00007ff824f80000 - 0x00007ff825114000 	C:\Windows\system32\ole32.dll
0x00007ff8259b0000 - 0x00007ff826ec8000 	C:\Windows\system32\SHELL32.dll
0x00007ff823d70000 - 0x00007ff823d91000 	C:\Windows\SYSTEM32\USERENV.dll
0x00007ff824ed0000 - 0x00007ff824f7a000 	C:\Windows\system32\ADVAPI32.dll
0x00007ff8145a0000 - 0x00007ff8145be000 	C:\Windows\SYSTEM32\MPR.dll
0x00007ff825390000 - 0x00007ff8254d1000 	C:\Windows\system32\RPCRT4.dll
0x00007ff8275c0000 - 0x00007ff827619000 	C:\Windows\SYSTEM32\sechost.dll
0x00007ff8254e0000 - 0x00007ff8256f1000 	C:\Windows\SYSTEM32\combase.dll
0x00007ff824d70000 - 0x00007ff824ec1000 	C:\Windows\system32\GDI32.dll
0x00007ff8247d0000 - 0x00007ff8247e5000 	C:\Windows\SYSTEM32\profapi.dll
0x00007ff822d20000 - 0x00007ff822dd2000 	C:\Windows\SYSTEM32\SHCORE.dll
0x00007ff824d00000 - 0x00007ff824d36000 	C:\Windows\system32\IMM32.DLL
0x00007ff825840000 - 0x00007ff825992000 	C:\Windows\system32\MSCTF.dll
0x00007ff8226d0000 - 0x00007ff82294a000 	C:\Windows\WinSxS\amd64_microsoft.windows.common-controls_6595b64144ccf1df_6.0.9600.17810_none_6240b9c7ecbd0bda\COMCTL32.dll
0x000000005b360000 - 0x000000005b432000 	C:\Program Files\Java\jre1.8.0_31\bin\msvcr100.dll
0x0000000059c10000 - 0x000000005a46a000 	C:\Program Files\Java\jre1.8.0_31\bin\server\jvm.dll
0x00007ff80b9f0000 - 0x00007ff80b9f9000 	C:\Windows\SYSTEM32\WSOCK32.dll
0x00007ff822210000 - 0x00007ff822232000 	C:\Windows\SYSTEM32\WINMM.dll
0x00007ff825380000 - 0x00007ff825387000 	C:\Windows\system32\PSAPI.DLL
0x00007ff827550000 - 0x00007ff8275aa000 	C:\Windows\system32\WS2_32.dll
0x00007ff820d30000 - 0x00007ff820d5a000 	C:\Windows\SYSTEM32\WINMMBASE.dll
0x00007ff824d60000 - 0x00007ff824d69000 	C:\Windows\system32\NSI.dll
0x00007ff8248a0000 - 0x00007ff8248ef000 	C:\Windows\SYSTEM32\cfgmgr32.dll
0x00007ff8235f0000 - 0x00007ff823618000 	C:\Windows\SYSTEM32\DEVOBJ.dll
0x000000005b4d0000 - 0x000000005b4df000 	C:\Program Files\Java\jre1.8.0_31\bin\verify.dll
0x000000005b4a0000 - 0x000000005b4c8000 	C:\Program Files\Java\jre1.8.0_31\bin\java.dll
0x000000005b480000 - 0x000000005b496000 	C:\Program Files\Java\jre1.8.0_31\bin\zip.dll
0x00007ff8132a0000 - 0x00007ff81336e000 	E:\Programming\Workspace2\GraphicsEngine\natives\lwjgl.dll
0x00007ff824640000 - 0x00007ff82464b000 	C:\Windows\SYSTEM32\CRYPTBASE.DLL
0x00007ff8245d0000 - 0x00007ff824633000 	C:\Windows\SYSTEM32\bcryptPrimitives.dll
0x00007ff81a340000 - 0x00007ff81a37c000 	E:\Programming\Workspace2\GraphicsEngine\natives\glfw.dll
0x00007ff823440000 - 0x00007ff823569000 	C:\Windows\system32\uxtheme.dll
0x00007ff814060000 - 0x00007ff8140a2000 	C:\Windows\SYSTEM32\dinput8.dll
0x00007ff821fa0000 - 0x00007ff821fad000 	C:\Windows\SYSTEM32\xinput1_4.dll
0x00007ff822b20000 - 0x00007ff822b41000 	C:\Windows\SYSTEM32\dwmapi.dll
0x00007ff811b60000 - 0x00007ff811c8b000 	C:\Windows\SYSTEM32\opengl32.dll
0x00007ff820ae0000 - 0x00007ff820b0e000 	C:\Windows\SYSTEM32\GLU32.dll
0x00007ff811a60000 - 0x00007ff811b58000 	C:\Windows\SYSTEM32\DDRAW.dll
0x00007ff821f90000 - 0x00007ff821f99000 	C:\Windows\SYSTEM32\DCIMAN32.dll
0x00007ff823990000 - 0x00007ff82399d000 	C:\Windows\SYSTEM32\HID.DLL
0x00007ff827050000 - 0x00007ff82722a000 	C:\Windows\system32\SETUPAPI.DLL
0x00007ff8248f0000 - 0x00007ff824941000 	C:\Windows\system32\WINTRUST.dll
0x00007ff824b20000 - 0x00007ff824cff000 	C:\Windows\system32\CRYPT32.dll
0x00007ff824880000 - 0x00007ff824891000 	C:\Windows\system32\MSASN1.dll
0x00007ff813f50000 - 0x00007ff813f95000 	C:\Windows\SYSTEM32\vulkan-1.dll
0x00007ff81c4d0000 - 0x00007ff81c659000 	C:\Windows\SYSTEM32\Dbghelp.dll
0x00007ff81d360000 - 0x00007ff81d392000 	C:\Windows\SYSTEM32\ntmarta.dll
0x0000000057aa0000 - 0x0000000059c08000 	C:\Windows\SYSTEM32\nvoglv64.DLL
0x00007ff822e40000 - 0x00007ff822e52000 	C:\Windows\SYSTEM32\WTSAPI32.dll
0x00007ff8226c0000 - 0x00007ff8226ca000 	C:\Windows\SYSTEM32\VERSION.dll
0x00007ff824770000 - 0x00007ff8247b6000 	C:\Windows\SYSTEM32\powrprof.dll
0x00007ff8246f0000 - 0x00007ff82474a000 	C:\Windows\SYSTEM32\WINSTA.dll
0x00007ff8235c0000 - 0x00007ff8235cb000 	C:\Windows\SYSTEM32\kernel.appcore.dll
0x00007ff814d90000 - 0x00007ff814dcb000 	E:\Programming\Workspace2\GraphicsEngine\natives\jemalloc.dll

VM Arguments:
jvm_args: -Djava.library.path=E:\Programming\Workspace2\GraphicsEngine\natives -Dfile.encoding=Cp1252 
java_command: Main
java_class_path (initial): E:\Programming\Workspace2\GraphicsEngine\bin;E:\Programming\Workspace2\GraphicsEngine\lib\lwjgl.jar
Launcher Type: SUN_STANDARD

Environment Variables:
PATH=C:/Program Files/Java/jre1.8.0_31/bin/server;C:/Program Files/Java/jre1.8.0_31/bin;C:/Program Files/Java/jre1.8.0_31/lib/amd64;E:\VulkanSDK\1.0.26.0\Bin;C:\Program Files (x86)\Razer Chroma SDK\bin;C:\Program Files\Razer Chroma SDK\bin;C:\ProgramData\Oracle\Java\javapath;C:\Windows\system32;C:\Windows;C:\Windows\System32\Wbem;C:\Windows\System32\WindowsPowerShell\v1.0\;C:\Program Files\Microsoft SQL Server\110\Tools\Binn\;C:\Program Files\Microsoft SQL Server\120\Tools\Binn\;E:\SteamLibrary\steamapps\common\team fortress 2\tf\..\bin;C:\Program Files (x86)\Skype\Phone\;E:\Program Files\nodejs\;E:\Program Files (x86)\CMake\bin;E:\Program Files\Git\cmd;E:\Program Files\Git\mingw64\bin;E:\Program Files\Git\usr\bin;C:\Users\Matthew\.dnx\bin;C:\Program Files\Microsoft DNX\Dnvm\;C:\Program Files (x86)\Windows Kits\8.1\Windows Performance Toolkit\;C:\Program Files\Microsoft SQL Server\130\Tools\Binn\;E:\Program Files\SlikSvn\bin;C:\Program Files (x86)\NVIDIA Corporation\PhysX\Common;E:\RailsInstaller\Ruby2.1.0\bin;%VPROJECT%\..\bin;C:\Users\Matthew\AppData\Roaming\npm;E:\Programming\eclipse;
USERNAME=Matthew
OS=Windows_NT
PROCESSOR_IDENTIFIER=Intel64 Family 6 Model 62 Stepping 4, GenuineIntel



---------------  S Y S T E M  ---------------

OS: Windows 8.1 , 64 bit Build 9600 

CPU:total 8 (4 cores per cpu, 2 threads per core) family 6 model 62 stepping 4, cmov, cx8, fxsr, mmx, sse, sse2, sse3, ssse3, sse4.1, sse4.2, popcnt, avx, aes, clmul, erms, ht, tsc, tscinvbit

Memory: 4k page, physical 16697428k(2310808k free), swap 19843156k(2577064k free)

vm_info: Java HotSpot(TM) 64-Bit Server VM (25.31-b07) for windows-amd64 JRE (1.8.0_31-b13), built on Dec 17 2014 21:00:28 by "java_re" with MS VC++ 10.0 (VS2010)

time: Sat Oct 29 20:04:29 2016
elapsed time: 0 seconds (0d 0h 0m 0s)

